<?xml version="1.0" encoding="UTF-8"?>
<!-- Generated by org.testng.reporters.JUnitXMLReporter -->
<testsuite ignored="0" hostname="WELCOME-PC" failures="1" tests="2" name="OpenCart" time="27.52" errors="0" timestamp="2025-08-17T22:25:05 IST">
  <testcase classname="testCases.TC001AccountRegistrationTest" name="verifyAccountRegistration" time="2.486"/>
  <testcase classname="testCases.TC002LoginTest" name="verifyLogin" time="11.389">
    <failure type="java.lang.AssertionError" message="expected [true] but found [false]">
      <![CDATA[java.lang.AssertionError: expected [true] but found [false]
at testCases.TC002LoginTest.verifyLogin(TC002LoginTest.java:32)
at java.base/java.util.ArrayList.forEach(ArrayList.java:1596)
... Removed 33 stack frames]]>
    </failure>
  </testcase> <!-- verifyLogin -->
</testsuite> <!-- OpenCart -->
